# JRE version: OpenJDK Runtime Environment (8.0_131-b11) (build 1.8.0_131-8u131-b11-2ubuntu1.16.04.3-b11)
# Java VM: OpenJDK 64-Bit Server VM (25.131-b11 mixed mode linux-amd64 compressed oops)
Heap:
 PSYoungGen      total 244736K, used 18936K [0x00000000d6800000, 0x00000000e7f00000, 0x0000000100000000)
  eden space 225792K, 0% used [0x00000000d6800000,0x00000000d6800000,0x00000000e4480000)
  from space 18944K, 99% used [0x00000000e5a00000,0x00000000e6c7e0c0,0x00000000e6c80000)
  to   space 11776K, 0% used [0x00000000e7380000,0x00000000e7380000,0x00000000e7f00000)
 ParOldGen       total 59392K, used 40620K [0x0000000083800000, 0x0000000087200000, 0x00000000d6800000)
  object space 59392K, 68% used [0x0000000083800000,0x0000000085fab200,0x0000000087200000)
 Metaspace       used 23039K, capacity 23520K, committed 23680K, reserved 1071104K
  class space    used 2642K, capacity 2832K, committed 2944K, reserved 1048576K
GC Heap History (10 events):
Event: 4.390 GC heap after
Heap after GC invocations=3 (full 0):
 PSYoungGen      total 70656K, used 5104K [0x00000000d6800000, 0x00000000df200000, 0x0000000100000000)
  eden space 65536K, 0% used [0x00000000d6800000,0x00000000d6800000,0x00000000da800000)
  from space 5120K, 99% used [0x00000000da800000,0x00000000dacfc010,0x00000000dad00000)
  to   space 5120K, 0% used [0x00000000ded00000,0x00000000ded00000,0x00000000df200000)
 ParOldGen       total 86016K, used 6051K [0x0000000083800000, 0x0000000088c00000, 0x00000000d6800000)
  object space 86016K, 7% used [0x0000000083800000,0x0000000083de8d68,0x0000000088c00000)
 Metaspace       used 15553K, capacity 15898K, committed 16128K, reserved 1062912K
  class space    used 1845K, capacity 1979K, committed 2048K, reserved 1048576K
}
Event: 6.308 GC heap before
{Heap before GC invocations=4 (full 0):
 PSYoungGen      total 70656K, used 70640K [0x00000000d6800000, 0x00000000df200000, 0x0000000100000000)
  eden space 65536K, 100% used [0x00000000d6800000,0x00000000da800000,0x00000000da800000)
  from space 5120K, 99% used [0x00000000da800000,0x00000000dacfc010,0x00000000dad00000)
  to   space 5120K, 0% used [0x00000000ded00000,0x00000000ded00000,0x00000000df200000)
 ParOldGen       total 86016K, used 6051K [0x0000000083800000, 0x0000000088c00000, 0x00000000d6800000)
  object space 86016K, 7% used [0x0000000083800000,0x0000000083de8d68,0x0000000088c00000)
 Metaspace       used 17516K, capacity 17966K, committed 18176K, reserved 1064960K
  class space    used 2059K, capacity 2199K, committed 2304K, reserved 1048576K
Event: 6.327 GC heap after
Heap after GC invocations=4 (full 0):
 PSYoungGen      total 136192K, used 5104K [0x00000000d6800000, 0x00000000df200000, 0x0000000100000000)
  eden space 131072K, 0% used [0x00000000d6800000,0x00000000d6800000,0x00000000de800000)
  from space 5120K, 99% used [0x00000000ded00000,0x00000000df1fc030,0x00000000df200000)
  to   space 5120K, 0% used [0x00000000de800000,0x00000000de800000,0x00000000ded00000)
 ParOldGen       total 86016K, used 10919K [0x0000000083800000, 0x0000000088c00000, 0x00000000d6800000)
  object space 86016K, 12% used [0x0000000083800000,0x00000000842a9c50,0x0000000088c00000)
 Metaspace       used 17516K, capacity 17966K, committed 18176K, reserved 1064960K
  class space    used 2059K, capacity 2199K, committed 2304K, reserved 1048576K
}
Event: 6.753 GC heap before
{Heap before GC invocations=5 (full 0):
 PSYoungGen      total 136192K, used 18514K [0x00000000d6800000, 0x00000000df200000, 0x0000000100000000)
  eden space 131072K, 10% used [0x00000000d6800000,0x00000000d75189c8,0x00000000de800000)
  from space 5120K, 99% used [0x00000000ded00000,0x00000000df1fc030,0x00000000df200000)
  to   space 5120K, 0% used [0x00000000de800000,0x00000000de800000,0x00000000ded00000)
 ParOldGen       total 86016K, used 10919K [0x0000000083800000, 0x0000000088c00000, 0x00000000d6800000)
  object space 86016K, 12% used [0x0000000083800000,0x00000000842a9c50,0x0000000088c00000)
 Metaspace       used 20683K, capacity 21134K, committed 21248K, reserved 1069056K
  class space    used 2399K, capacity 2551K, committed 2560K, reserved 1048576K
Event: 6.773 GC heap after
Heap after GC invocations=5 (full 0):
 PSYoungGen      total 136192K, used 5104K [0x00000000d6800000, 0x00000000e7f00000, 0x0000000100000000)
  eden space 131072K, 0% used [0x00000000d6800000,0x00000000d6800000,0x00000000de800000)
  from space 5120K, 99% used [0x00000000de800000,0x00000000decfc030,0x00000000ded00000)
  to   space 11776K, 0% used [0x00000000e7380000,0x00000000e7380000,0x00000000e7f00000)
 ParOldGen       total 86016K, used 12968K [0x0000000083800000, 0x0000000088c00000, 0x00000000d6800000)
  object space 86016K, 15% used [0x0000000083800000,0x00000000844aa3d0,0x0000000088c00000)
 Metaspace       used 20683K, capacity 21134K, committed 21248K, reserved 1069056K
  class space    used 2399K, capacity 2551K, committed 2560K, reserved 1048576K
}
Event: 6.773 GC heap before
{Heap before GC invocations=6 (full 1):
 PSYoungGen      total 136192K, used 5104K [0x00000000d6800000, 0x00000000e7f00000, 0x0000000100000000)
  eden space 131072K, 0% used [0x00000000d6800000,0x00000000d6800000,0x00000000de800000)
  from space 5120K, 99% used [0x00000000de800000,0x00000000decfc030,0x00000000ded00000)
  to   space 11776K, 0% used [0x00000000e7380000,0x00000000e7380000,0x00000000e7f00000)
 ParOldGen       total 86016K, used 12968K [0x0000000083800000, 0x0000000088c00000, 0x00000000d6800000)
  object space 86016K, 15% used [0x0000000083800000,0x00000000844aa3d0,0x0000000088c00000)
 Metaspace       used 20683K, capacity 21134K, committed 21248K, reserved 1069056K
  class space    used 2399K, capacity 2551K, committed 2560K, reserved 1048576K
Event: 6.847 GC heap after
Heap after GC invocations=6 (full 1):
 PSYoungGen      total 136192K, used 0K [0x00000000d6800000, 0x00000000e7f00000, 0x0000000100000000)
  eden space 131072K, 0% used [0x00000000d6800000,0x00000000d6800000,0x00000000de800000)
  from space 5120K, 0% used [0x00000000de800000,0x00000000de800000,0x00000000ded00000)
  to   space 11776K, 0% used [0x00000000e7380000,0x00000000e7380000,0x00000000e7f00000)
 ParOldGen       total 59392K, used 11448K [0x0000000083800000, 0x0000000087200000, 0x00000000d6800000)
  object space 59392K, 19% used [0x0000000083800000,0x000000008432e2c0,0x0000000087200000)
 Metaspace       used 20683K, capacity 21134K, committed 21248K, reserved 1069056K
  class space    used 2399K, capacity 2551K, committed 2560K, reserved 1048576K
}
Event: 8.001 GC heap before
{Heap before GC invocations=7 (full 1):
 PSYoungGen      total 136192K, used 131072K [0x00000000d6800000, 0x00000000e7f00000, 0x0000000100000000)
  eden space 131072K, 100% used [0x00000000d6800000,0x00000000de800000,0x00000000de800000)
  from space 5120K, 0% used [0x00000000de800000,0x00000000de800000,0x00000000ded00000)
  to   space 11776K, 0% used [0x00000000e7380000,0x00000000e7380000,0x00000000e7f00000)
 ParOldGen       total 59392K, used 11448K [0x0000000083800000, 0x0000000087200000, 0x00000000d6800000)
  object space 59392K, 19% used [0x0000000083800000,0x000000008432e2c0,0x0000000087200000)
 Metaspace       used 23026K, capacity 23520K, committed 23680K, reserved 1071104K
  class space    used 2642K, capacity 2832K, committed 2944K, reserved 1048576K
Event: 8.022 GC heap after
Heap after GC invocations=7 (full 1):
 PSYoungGen      total 237568K, used 11769K [0x00000000d6800000, 0x00000000e7f00000, 0x0000000100000000)
  eden space 225792K, 0% used [0x00000000d6800000,0x00000000d6800000,0x00000000e4480000)
  from space 11776K, 99% used [0x00000000e7380000,0x00000000e7efe4e8,0x00000000e7f00000)
  to   space 18944K, 0% used [0x00000000e5a00000,0x00000000e5a00000,0x00000000e6c80000)
 ParOldGen       total 59392K, used 21231K [0x0000000083800000, 0x0000000087200000, 0x00000000d6800000)
  object space 59392K, 35% used [0x0000000083800000,0x0000000084cbbd48,0x0000000087200000)
 Metaspace       used 23026K, capacity 23520K, committed 23680K, reserved 1071104K
  class space    used 2642K, capacity 2832K, committed 2944K, reserved 1048576K
}
Event: 8.968 GC heap before
{Heap before GC invocations=8 (full 1):
 PSYoungGen      total 237568K, used 237561K [0x00000000d6800000, 0x00000000e7f00000, 0x0000000100000000)
  eden space 225792K, 100% used [0x00000000d6800000,0x00000000e4480000,0x00000000e4480000)
  from space 11776K, 99% used [0x00000000e7380000,0x00000000e7efe4e8,0x00000000e7f00000)
  to   space 18944K, 0% used [0x00000000e5a00000,0x00000000e5a00000,0x00000000e6c80000)
 ParOldGen       total 59392K, used 21231K [0x0000000083800000, 0x0000000087200000, 0x00000000d6800000)
  object space 59392K, 35% used [0x0000000083800000,0x0000000084cbbd48,0x0000000087200000)
 Metaspace       used 23039K, capacity 23520K, committed 23680K, reserved 1071104K
  class space    used 2642K, capacity 2832K, committed 2944K, reserved 1048576K

